[debug] [2025-01-23T13:52:23.675Z] ----------------------------------------------------------------------
[debug] [2025-01-23T13:52:23.676Z] Command:       /usr/local/bin/node /usr/local/bin/firebase deploy
[debug] [2025-01-23T13:52:23.676Z] CLI Version:   13.2.1
[debug] [2025-01-23T13:52:23.677Z] Platform:      darwin
[debug] [2025-01-23T13:52:23.677Z] Node Version:  v20.15.1
[debug] [2025-01-23T13:52:23.677Z] Time:          Thu Jan 23 2025 19:22:23 GMT+0530 (India Standard Time)
[debug] [2025-01-23T13:52:23.677Z] ----------------------------------------------------------------------
[debug] 
[debug] [2025-01-23T13:52:23.678Z] >>> [apiv2][query] GET https://firebase-public.firebaseio.com/cli.json [none]
[debug] [2025-01-23T13:52:23.734Z] > command requires scopes: ["email","openid","https://www.googleapis.com/auth/cloudplatformprojects.readonly","https://www.googleapis.com/auth/firebase","https://www.googleapis.com/auth/cloud-platform"]
[debug] [2025-01-23T13:52:23.735Z] > authorizing via signed-in user (targetmixerplanner@gmail.com)
[debug] [2025-01-23T13:52:23.735Z] [iam] checking project sajeerzeji-98ac5 for permissions ["firebase.projects.get","firebasehosting.sites.update"]
[debug] [2025-01-23T13:52:23.735Z] > refreshing access token with scopes: []
[debug] [2025-01-23T13:52:23.735Z] >>> [apiv2][query] POST https://www.googleapis.com/oauth2/v3/token [none]
[debug] [2025-01-23T13:52:23.735Z] >>> [apiv2][body] POST https://www.googleapis.com/oauth2/v3/token [omitted]
[debug] [2025-01-23T13:52:24.106Z] <<< [apiv2][status] POST https://www.googleapis.com/oauth2/v3/token 200
[debug] [2025-01-23T13:52:24.106Z] <<< [apiv2][body] POST https://www.googleapis.com/oauth2/v3/token [omitted]
[debug] [2025-01-23T13:52:24.123Z] >>> [apiv2][query] POST https://cloudresourcemanager.googleapis.com/v1/projects/sajeerzeji-98ac5:testIamPermissions [none]
[debug] [2025-01-23T13:52:24.124Z] >>> [apiv2][(partial)header] POST https://cloudresourcemanager.googleapis.com/v1/projects/sajeerzeji-98ac5:testIamPermissions x-goog-quota-user=projects/sajeerzeji-98ac5
[debug] [2025-01-23T13:52:24.124Z] >>> [apiv2][body] POST https://cloudresourcemanager.googleapis.com/v1/projects/sajeerzeji-98ac5:testIamPermissions {"permissions":["firebase.projects.get","firebasehosting.sites.update"]}
[debug] [2025-01-23T13:52:24.303Z] <<< [apiv2][status] GET https://firebase-public.firebaseio.com/cli.json 200
[debug] [2025-01-23T13:52:24.303Z] <<< [apiv2][body] GET https://firebase-public.firebaseio.com/cli.json {"cloudBuildErrorAfter":1594252800000,"cloudBuildWarnAfter":1590019200000,"defaultNode10After":1594252800000,"minVersion":"3.0.5","node8DeploysDisabledAfter":1613390400000,"node8RuntimeDisabledAfter":1615809600000,"node8WarnAfter":1600128000000}
[debug] [2025-01-23T13:52:25.834Z] <<< [apiv2][status] POST https://cloudresourcemanager.googleapis.com/v1/projects/sajeerzeji-98ac5:testIamPermissions 200
[debug] [2025-01-23T13:52:25.835Z] <<< [apiv2][body] POST https://cloudresourcemanager.googleapis.com/v1/projects/sajeerzeji-98ac5:testIamPermissions {}
[debug] [2025-01-23T13:52:25.835Z] [iam] error while checking permissions, command may fail: FirebaseError: Authorization failed. This account is missing the following required permissions on project sajeerzeji-98ac5:

  firebase.projects.get
  firebasehosting.sites.update
[debug] [2025-01-23T13:52:25.836Z] >>> [apiv2][query] GET https://firebase.googleapis.com/v1beta1/projects/sajeerzeji-98ac5 [none]
[debug] [2025-01-23T13:52:26.433Z] <<< [apiv2][status] GET https://firebase.googleapis.com/v1beta1/projects/sajeerzeji-98ac5 403
[debug] [2025-01-23T13:52:26.434Z] <<< [apiv2][body] GET https://firebase.googleapis.com/v1beta1/projects/sajeerzeji-98ac5 {"error":{"code":403,"message":"The caller does not have permission","status":"PERMISSION_DENIED"}}
[debug] [2025-01-23T13:52:26.435Z] HTTP Error: 403, The caller does not have permission
[error] 
[error] Error: Assertion failed: resolving hosting target of a site with no site name or target name. This should have caused an error earlier
[debug] [2025-01-23T14:04:52.258Z] ----------------------------------------------------------------------
[debug] [2025-01-23T14:04:52.260Z] Command:       /usr/local/bin/node /usr/local/bin/firebase deploy
[debug] [2025-01-23T14:04:52.261Z] CLI Version:   13.2.1
[debug] [2025-01-23T14:04:52.261Z] Platform:      darwin
[debug] [2025-01-23T14:04:52.261Z] Node Version:  v20.15.1
[debug] [2025-01-23T14:04:52.261Z] Time:          Thu Jan 23 2025 19:34:52 GMT+0530 (India Standard Time)
[debug] [2025-01-23T14:04:52.261Z] ----------------------------------------------------------------------
[debug] 
[debug] [2025-01-23T14:04:52.301Z] > command requires scopes: ["email","openid","https://www.googleapis.com/auth/cloudplatformprojects.readonly","https://www.googleapis.com/auth/firebase","https://www.googleapis.com/auth/cloud-platform"]
[debug] [2025-01-23T14:04:52.301Z] > authorizing via signed-in user (targetmixerplanner@gmail.com)
[debug] [2025-01-23T14:04:52.301Z] [iam] checking project sajeerzeji-98ac5 for permissions ["firebase.projects.get","firebasehosting.sites.update"]
[debug] [2025-01-23T14:04:52.302Z] >>> [apiv2][query] POST https://cloudresourcemanager.googleapis.com/v1/projects/sajeerzeji-98ac5:testIamPermissions [none]
[debug] [2025-01-23T14:04:52.302Z] >>> [apiv2][(partial)header] POST https://cloudresourcemanager.googleapis.com/v1/projects/sajeerzeji-98ac5:testIamPermissions x-goog-quota-user=projects/sajeerzeji-98ac5
[debug] [2025-01-23T14:04:52.302Z] >>> [apiv2][body] POST https://cloudresourcemanager.googleapis.com/v1/projects/sajeerzeji-98ac5:testIamPermissions {"permissions":["firebase.projects.get","firebasehosting.sites.update"]}
[debug] [2025-01-23T14:04:54.053Z] <<< [apiv2][status] POST https://cloudresourcemanager.googleapis.com/v1/projects/sajeerzeji-98ac5:testIamPermissions 200
[debug] [2025-01-23T14:04:54.054Z] <<< [apiv2][body] POST https://cloudresourcemanager.googleapis.com/v1/projects/sajeerzeji-98ac5:testIamPermissions {}
[debug] [2025-01-23T14:04:54.054Z] [iam] error while checking permissions, command may fail: FirebaseError: Authorization failed. This account is missing the following required permissions on project sajeerzeji-98ac5:

  firebase.projects.get
  firebasehosting.sites.update
[debug] [2025-01-23T14:04:54.056Z] >>> [apiv2][query] GET https://firebase.googleapis.com/v1beta1/projects/sajeerzeji-98ac5 [none]
[debug] [2025-01-23T14:04:54.740Z] <<< [apiv2][status] GET https://firebase.googleapis.com/v1beta1/projects/sajeerzeji-98ac5 403
[debug] [2025-01-23T14:04:54.740Z] <<< [apiv2][body] GET https://firebase.googleapis.com/v1beta1/projects/sajeerzeji-98ac5 {"error":{"code":403,"message":"The caller does not have permission","status":"PERMISSION_DENIED"}}
[debug] [2025-01-23T14:04:54.742Z] HTTP Error: 403, The caller does not have permission
[error] 
[error] Error: Assertion failed: resolving hosting target of a site with no site name or target name. This should have caused an error earlier
